[2023-12-05 11:26:37,235] multiqc                                            [DEBUG  ]  This is MultiQC v1.17 (4a10b90)
[2023-12-05 11:26:37,236] multiqc                                            [DEBUG  ]  Command used: /home/eshekar/snakemake_pipelines/metaviromewrapper/.snakemake/conda/1b45d6052a6553bff2a8c82d8c46f673_/bin/multiqc results/preprocess/ -f -o /tmp/pbs.1177588.xomics/multiqc/ -n preprocess_report.html
[2023-12-05 11:26:38,177] multiqc                                            [DEBUG  ]  Could not connect to multiqc.info for version check: module 'packaging.version' has no attribute 'StrictVersion'
[2023-12-05 11:26:38,177] multiqc                                            [DEBUG  ]  Working dir : /home/eshekar/snakemake_pipelines/metaviromewrapper
[2023-12-05 11:26:38,177] multiqc                                            [DEBUG  ]  Template    : default
[2023-12-05 11:26:38,177] multiqc                                            [DEBUG  ]  Running Python 3.12.0 | packaged by conda-forge | (main, Oct  3 2023, 08:43:22) [GCC 12.3.0]
[2023-12-05 11:26:38,178] multiqc                                            [DEBUG  ]  Analysing modules: custom_content, ccs, ngsderive, purple, conpair, lima, peddy, somalier, methylQA, mosdepth, phantompeakqualtools, qualimap, preseq, hifiasm, quast, qorts, rna_seqc, rockhopper, rsem, rseqc, busco, bustools, goleft_indexcov, gffcompare, disambiguate, supernova, deeptools, sargasso, verifybamid, mirtrace, happy, mirtop, sambamba, gopeaks, homer, hops, macs2, theta2, snpeff, gatk, htseq, bcftools, featureCounts, fgbio, dragen, dragen_fastqc, dedup, pbmarkdup, damageprofiler, mapdamage, biobambam2, jcvi, mtnucratio, picard, vep, sentieon, bakta, prokka, qc3C, nanostat, samblaster, samtools, sexdeterrmine, eigenstratdatabasetools, bamtools, jellyfish, vcftools, longranger, stacks, varscan2, snippy, umitools, truvari, bbmap, bismark, biscuit, diamond, hicexplorer, hicup, hicpro, salmon, kallisto, slamdunk, star, hisat2, tophat, bowtie2, bowtie1, cellranger, snpsplit, odgi, pangolin, nextclade, freyja, humid, kat, leehom, librarian, adapterRemoval, bbduk, clipandmerge, cutadapt, flexbar, sourmash, kaiju, bracken, kraken, malt, motus, trimmomatic, sickle, skewer, sortmerna, biobloomtools, fastq_screen, afterqc, fastp, fastqc, filtlong, prinseqplusplus, pychopper, porechop, pycoqc, minionqc, anglerfish, multivcfanalyzer, clusterflow, checkqc, bcl2fastq, bclconvert, interop, ivar, flash, seqyclean, optitype, whatshap
[2023-12-05 11:26:38,178] multiqc                                            [DEBUG  ]  Using temporary directory for creating report: /tmp/pbs.1177588.xomics/tmpe3o3n04v
[2023-12-05 11:26:38,180] multiqc                                            [INFO   ]  Search path : /home/eshekar/snakemake_pipelines/metaviromewrapper/results/preprocess
[2023-12-05 11:26:38,732] multiqc                                            [DEBUG  ]  Summary of files that were skipped by the search: [skipped_module_specific_max_filesize: 280] // [skipped_no_match: 170] // [skipped_ignore_pattern: 80] // [skipped_not_a_file: 50]
[2023-12-05 11:26:39,208] multiqc.plots.bargraph                             [DEBUG  ]  Using matplotlib version 3.8.1
[2023-12-05 11:26:39,210] multiqc.plots.linegraph                            [DEBUG  ]  Using matplotlib version 3.8.1
[2023-12-05 11:26:39,211] multiqc                                            [DEBUG  ]  No samples found: custom_content
[2023-12-05 11:26:39,216] multiqc.modules.fastp.fastp                        [DEBUG  ]  No duplication rate plot data: report.fastp.json
[2023-12-05 11:26:39,220] multiqc.modules.fastp.fastp                        [DEBUG  ]  No duplication rate plot data: report.fastp.json
[2023-12-05 11:26:39,224] multiqc.modules.fastp.fastp                        [DEBUG  ]  No duplication rate plot data: report.fastp.json
[2023-12-05 11:26:39,228] multiqc.modules.fastp.fastp                        [DEBUG  ]  No duplication rate plot data: report.fastp.json
[2023-12-05 11:26:39,232] multiqc.modules.fastp.fastp                        [DEBUG  ]  No duplication rate plot data: report.fastp.json
[2023-12-05 11:26:39,236] multiqc.modules.fastp.fastp                        [DEBUG  ]  No duplication rate plot data: report.fastp.json
[2023-12-05 11:26:39,241] multiqc.modules.fastp.fastp                        [DEBUG  ]  No duplication rate plot data: report.fastp.json
[2023-12-05 11:26:39,244] multiqc.modules.fastp.fastp                        [DEBUG  ]  No duplication rate plot data: report.fastp.json
[2023-12-05 11:26:39,249] multiqc.modules.fastp.fastp                        [DEBUG  ]  No duplication rate plot data: report.fastp.json
[2023-12-05 11:26:39,253] multiqc.modules.fastp.fastp                        [DEBUG  ]  No duplication rate plot data: report.fastp.json
[2023-12-05 11:26:39,257] multiqc.modules.fastp.fastp                        [DEBUG  ]  No duplication rate plot data: report.fastp.json
[2023-12-05 11:26:39,262] multiqc.modules.fastp.fastp                        [DEBUG  ]  No duplication rate plot data: report.fastp.json
[2023-12-05 11:26:39,265] multiqc.modules.fastp.fastp                        [DEBUG  ]  No duplication rate plot data: report.fastp.json
[2023-12-05 11:26:39,270] multiqc.modules.fastp.fastp                        [DEBUG  ]  No duplication rate plot data: report.fastp.json
[2023-12-05 11:26:39,274] multiqc.modules.fastp.fastp                        [DEBUG  ]  No duplication rate plot data: report.fastp.json
[2023-12-05 11:26:39,278] multiqc.modules.fastp.fastp                        [DEBUG  ]  No duplication rate plot data: report.fastp.json
[2023-12-05 11:26:39,282] multiqc.modules.fastp.fastp                        [DEBUG  ]  No duplication rate plot data: report.fastp.json
[2023-12-05 11:26:39,286] multiqc.modules.fastp.fastp                        [DEBUG  ]  No duplication rate plot data: report.fastp.json
[2023-12-05 11:26:39,289] multiqc.modules.fastp.fastp                        [DEBUG  ]  No duplication rate plot data: report.fastp.json
[2023-12-05 11:26:39,293] multiqc.modules.fastp.fastp                        [DEBUG  ]  No duplication rate plot data: report.fastp.json
[2023-12-05 11:26:39,297] multiqc.modules.fastp.fastp                        [DEBUG  ]  No duplication rate plot data: report.fastp.json
[2023-12-05 11:26:39,302] multiqc.modules.fastp.fastp                        [DEBUG  ]  No duplication rate plot data: report.fastp.json
[2023-12-05 11:26:39,306] multiqc.modules.fastp.fastp                        [DEBUG  ]  No duplication rate plot data: report.fastp.json
[2023-12-05 11:26:39,309] multiqc.modules.fastp.fastp                        [DEBUG  ]  No duplication rate plot data: report.fastp.json
[2023-12-05 11:26:39,313] multiqc.modules.fastp.fastp                        [DEBUG  ]  No duplication rate plot data: report.fastp.json
[2023-12-05 11:26:39,317] multiqc.modules.fastp.fastp                        [DEBUG  ]  No duplication rate plot data: report.fastp.json
[2023-12-05 11:26:39,321] multiqc.modules.fastp.fastp                        [DEBUG  ]  No duplication rate plot data: report.fastp.json
[2023-12-05 11:26:39,325] multiqc.modules.fastp.fastp                        [DEBUG  ]  No duplication rate plot data: report.fastp.json
[2023-12-05 11:26:39,333] multiqc.modules.fastp.fastp                        [DEBUG  ]  No duplication rate plot data: report.fastp.json
[2023-12-05 11:26:39,339] multiqc.modules.fastp.fastp                        [DEBUG  ]  No duplication rate plot data: report.fastp.json
[2023-12-05 11:26:39,343] multiqc.modules.fastp.fastp                        [DEBUG  ]  No duplication rate plot data: report.fastp.json
[2023-12-05 11:26:39,346] multiqc.modules.fastp.fastp                        [DEBUG  ]  No duplication rate plot data: report.fastp.json
[2023-12-05 11:26:39,350] multiqc.modules.fastp.fastp                        [DEBUG  ]  No duplication rate plot data: report.fastp.json
[2023-12-05 11:26:39,354] multiqc.modules.fastp.fastp                        [DEBUG  ]  No duplication rate plot data: report.fastp.json
[2023-12-05 11:26:39,358] multiqc.modules.fastp.fastp                        [DEBUG  ]  No duplication rate plot data: report.fastp.json
[2023-12-05 11:26:39,362] multiqc.modules.fastp.fastp                        [DEBUG  ]  No duplication rate plot data: report.fastp.json
[2023-12-05 11:26:39,367] multiqc.modules.fastp.fastp                        [DEBUG  ]  No duplication rate plot data: report.fastp.json
[2023-12-05 11:26:39,371] multiqc.modules.fastp.fastp                        [DEBUG  ]  No duplication rate plot data: report.fastp.json
[2023-12-05 11:26:39,375] multiqc.modules.fastp.fastp                        [DEBUG  ]  No duplication rate plot data: report.fastp.json
[2023-12-05 11:26:39,379] multiqc.modules.fastp.fastp                        [DEBUG  ]  No duplication rate plot data: report.fastp.json
[2023-12-05 11:26:39,380] multiqc.modules.fastp.fastp                        [INFO   ]  Found 40 reports
[2023-12-05 11:26:39,740] multiqc.utils.software_versions                    [DEBUG  ]  Reading software versions from config.software_versions
[2023-12-05 11:26:39,781] multiqc                                            [DEBUG  ]  Compressing plot data
[2023-12-05 11:26:41,882] multiqc                                            [INFO   ]  Report      : ../../../../tmp/pbs.1177588.xomics/multiqc/preprocess_report.html
[2023-12-05 11:26:41,882] multiqc                                            [INFO   ]  Data        : ../../../../tmp/pbs.1177588.xomics/multiqc/preprocess_report_data
[2023-12-05 11:26:41,882] multiqc                                            [DEBUG  ]  Moving data file from '/tmp/pbs.1177588.xomics/tmpe3o3n04v/multiqc_data' to '/tmp/pbs.1177588.xomics/multiqc/preprocess_report_data'
[2023-12-05 11:26:41,919] multiqc                                            [DEBUG  ]  Full report path: /tmp/pbs.1177588.xomics/multiqc/preprocess_report.html
[2023-12-05 11:26:42,046] multiqc                                            [INFO   ]  MultiQC complete
